生成启动时间为 2022/5/2 21:52:25。
     1>项目“D:\sy6\sy6\sy6.vcxproj”在节点 2 上(build 个目标)。
     1>InitializeBuildStatus:
         正在对“Debug\sy6.unsuccessfulbuild”执行 Touch 任务。
       ClCompile:
         所有输出均为最新。
       ManifestResourceCompile:
         所有输出均为最新。
       Link:
         C:\Program Files (x86)\Microsoft Visual Studio 10.0\VC\bin\link.exe /ERRORREPORT:PROMPT /OUT:"D:\sy6\Debug\sy6.exe" /INCREMENTAL /NOLOGO kernel32.lib user32.lib gdi32.lib winspool.lib comdlg32.lib advapi32.lib shell32.lib ole32.lib oleaut32.lib uuid.lib odbc32.lib odbccp32.lib /MANIFEST /ManifestFile:"Debug\sy6.exe.intermediate.manifest" /MANIFESTUAC:"level='asInvoker' uiAccess='false'" /DEBUG /PDB:"D:\sy6\Debug\sy6.pdb" /SUBSYSTEM:CONSOLE /TLBID:1 /DYNAMICBASE /NXCOMPAT /IMPLIB:"D:\sy6\Debug\sy6.lib" /MACHINE:X86 Debug\sy6.exe.embed.manifest.res
         "Debug\sy6-9.obj"
       Manifest:
         C:\Program Files (x86)\Microsoft SDKs\Windows\v7.0A\bin\mt.exe /nologo /verbose /out:"Debug\sy6.exe.embed.manifest" /manifest Debug\sy6.exe.intermediate.manifest
         所有输出均为最新。
       LinkEmbedManifest:
         所有输出均为最新。
         sy6.vcxproj -> D:\sy6\Debug\sy6.exe
       FinalizeBuildStatus:
         正在删除文件“Debug\sy6.unsuccessfulbuild”。
         正在对“Debug\sy6.lastbuildstate”执行 Touch 任务。
     1>已完成生成项目“D:\sy6\sy6\sy6.vcxproj”(build 个目标)的操作。

生成成功。

已用时间 00:00:00.38
